-------- Gaussian Shape --------
[[  0 300   0   0   0   0   0]
 [  0 260  28   0  12   0   0]
 [  3 252  44   0   1   0   0]
 [  0  65   1   0 234   0   0]
 [  0  11  28   0 261   0   0]
 [  0 300   0   0   0   0   0]
 [  0 288  11   0   1   0   0]]
0.26904761904761904
              precision    recall  f1-score   support

           0       0.00      0.00      0.00       300
           1       0.18      0.87      0.29       300
           2       0.39      0.15      0.21       300
           3       0.00      0.00      0.00       300
           4       0.51      0.87      0.65       300
           5       0.00      0.00      0.00       300
           6       0.00      0.00      0.00       300

   micro avg       0.27      0.27      0.27      2100
   macro avg       0.15      0.27      0.16      2100
weighted avg       0.15      0.27      0.16      2100

-------- Gaussian RGB --------
[[271  13   0   0   0   0  16]
 [  0 164  15   0 105   0  16]
 [  3  15 223   0   4   0  55]
 [  0   0   0 296   0   0   4]
 [  0  51   3   0 245   0   1]
 [  0   0   0   0   0 300   0]
 [  3  25  83   0   0   0 189]]
0.8038095238095239
              precision    recall  f1-score   support

           0       0.98      0.90      0.94       300
           1       0.61      0.55      0.58       300
           2       0.69      0.74      0.71       300
           3       1.00      0.99      0.99       300
           4       0.69      0.82      0.75       300
           5       1.00      1.00      1.00       300
           6       0.67      0.63      0.65       300

   micro avg       0.80      0.80      0.80      2100
   macro avg       0.81      0.80      0.80      2100
weighted avg       0.81      0.80      0.80      2100

-------- Gaussian Sum --------
[[147 147   0   0   0   0   6]
 [  0 242  30   0  22   0   6]
 [  1 200  77   0   1   0  21]
 [  0   0   0 296   1   0   3]
 [  0  19  21   0 260   0   0]
 [  0   0   0   0   0 300   0]
 [  0 230  17   0   0   0  53]]
              precision    recall  f1-score   support

           0       0.99      0.49      0.66       300
           1       0.29      0.81      0.43       300
           2       0.53      0.26      0.35       300
           3       1.00      0.99      0.99       300
           4       0.92      0.87      0.89       300
           5       1.00      1.00      1.00       300
           6       0.60      0.18      0.27       300

   micro avg       0.65      0.65      0.65      2100
   macro avg       0.76      0.65      0.65      2100
weighted avg       0.76      0.65      0.65      2100

0.6547619047619048
(0.5904564991945251, 0.7190673103292844)
