-------- KNN Shape--------
[[203  17  42   0   2  21  15]
 [ 63 117  43   8  18  37  14]
 [142  46  85   0  18   1   8]
 [ 10   2   3 220  62   0   3]
 [  2  16   2  59 221   0   0]
 [ 29  20   9   1   1 190  50]
 [ 67  61  38   2  13  20  99]]
0.5404761904761904
              precision    recall  f1-score   support

           0       0.39      0.68      0.50       300
           1       0.42      0.39      0.40       300
           2       0.38      0.28      0.33       300
           3       0.76      0.73      0.75       300
           4       0.66      0.74      0.70       300
           5       0.71      0.63      0.67       300
           6       0.52      0.33      0.40       300

   micro avg       0.54      0.54      0.54      2100
   macro avg       0.55      0.54      0.53      2100
weighted avg       0.55      0.54      0.53      2100

-------- KNN RGB--------
[[295   0   0   0   0   0   5]
 [  1 206   2   0  75   0  16]
 [  0   5 229   0   5   0  61]
 [  0   0   3 297   0   0   0]
 [  0  41   0   0 259   0   0]
 [  0   0   0   0   0 300   0]
 [  3  32  52   0   0   0 213]]
0.8566666666666667
              precision    recall  f1-score   support

           0       0.99      0.98      0.98       300
           1       0.73      0.69      0.71       300
           2       0.80      0.76      0.78       300
           3       1.00      0.99      0.99       300
           4       0.76      0.86      0.81       300
           5       1.00      1.00      1.00       300
           6       0.72      0.71      0.72       300

   micro avg       0.86      0.86      0.86      2100
   macro avg       0.86      0.86      0.86      2100
weighted avg       0.86      0.86      0.86      2100

-------- KNN Sum--------
[[295   0   0   0   0   0   5]
 [  4 211   3   0  67   0  15]
 [ 11   6 224   0   2   0  57]
 [  1   0   3 296   0   0   0]
 [  0  41   0  16 243   0   0]
 [  3   0   1   0   0 296   0]
 [  6  33  52   0   0   1 208]]
              precision    recall  f1-score   support

           0       0.92      0.98      0.95       300
           1       0.73      0.70      0.71       300
           2       0.79      0.75      0.77       300
           3       0.95      0.99      0.97       300
           4       0.78      0.81      0.79       300
           5       1.00      0.99      0.99       300
           6       0.73      0.69      0.71       300

   micro avg       0.84      0.84      0.84      2100
   macro avg       0.84      0.84      0.84      2100
weighted avg       0.84      0.84      0.84      2100

0.8442857142857143
(0.795245159639585, 0.8933262689318436)
