Time Spent: 1:34:55.256553

------------ SHAPE ------------
SHAPE minimum objective value: [[4.06147262e-05]]
SHAPE centroids: 
[[1.52270152e+02 1.24455790e+02 2.63848358e-07 4.72547238e-02
  1.26248095e+01 5.85146758e+00 2.05124576e+01 1.87748513e+01]
 [9.36430159e+01 1.02718229e+02 1.98846001e-10 2.39751481e-03
  3.30736326e+00 9.08735638e+00 1.32306129e+01 6.58944746e+01]
 [1.26514399e+02 1.58693330e+02 1.27710391e-02 1.46172158e-02
  1.99520145e+00 1.67880357e+00 2.77007370e+00 2.17668638e+00]
 [1.24078107e+02 1.07228706e+02 6.45280236e-03 7.94046328e-04
  1.31905737e+00 1.05979984e+00 9.94157996e-01 5.58202621e-01]
 [9.43883514e+01 1.29069622e+02 3.67082649e-09 4.27244672e-02
  5.26692468e+00 7.95075961e+00 1.40657369e+01 3.24067730e+01]
 [6.85078694e+01 1.64080573e+02 1.62742982e-11 2.24339483e-03
  2.69863344e+00 2.24679974e+00 1.16616710e+01 1.27902094e+02]
 [1.53393183e+02 1.85070150e+02 2.21054352e-02 6.69385447e-04
  2.47421166e+00 5.78182181e+00 3.79349014e+00 6.06661713e+00]]
SHAPE weights: [2.13995433e-03 3.04890103e-03 4.73823917e+03 5.12762268e+03
 6.40386375e-01 9.93681483e-02 7.57915544e-01 1.30800389e-01]
SHAPE Rand Score: 0.051416279093294444
Cluster 0
Count Elements: 4
Elements: [ 66  77 119 162]

Cluster 1
Count Elements: 2
Elements: [69 96]

Cluster 2
Count Elements: 55
Elements: [  6  14  21  24  25  28  29  49  63  68  73  79  85  86  87  92  94  95  98 102 108 116 125 143 152 154 156 158 159 161 163 164 165 168 170 172 173 174 175 176 177 179 181 182 184 188 189 190 191 192 193 195 196 197 209]

Cluster 3
Count Elements: 132
Elements: [  0   1   2   3   4   5   7   8   9  10  11  12  13  15  16  17  18  19  20  22  23  26  27  30  31  32  33  34  35  36  37  38  40  41  42  43  44  45  46  47  48  50  51  52  53  54  55  56  57  58  59  60  61  62  64  65  67  71  74  75  76  78  80  82  84  88  89  90  91  93  97  99 100 101 103 104 105 106 107 109 110 111 112 113 114 115 117 118 120 121 122 124 126 127 128 129 130 131 133 134 135 136 137 138 139 140 141 142 144 145 146 147 148 149 150 155 166 171 178 180 183 185 186 187 198 199 200 202 203 204 205 206]

Cluster 4
Count Elements: 5
Elements: [ 70  72 157 160 167]

Cluster 5
Count Elements: 3
Elements: [ 83 132 151]

Cluster 6
Count Elements: 9
Elements: [ 39  81 123 153 169 194 201 207 208]


------------ RGB ------------
RGB minimum objective value: [[0.82513622]]
RGB centroids: 
[[ 3.42893031e+01  3.02618032e+01  4.30257384e+01  2.95212718e+01 
  -1.23092272e+01  2.60832028e+01 -1.37368745e+01  4.30257561e+01
   4.54056464e-01 -2.05871555e+00]
 [ 2.20463107e+01  2.12003170e+01  2.77859312e+01  1.70974861e+01
  -2.43302820e+00  1.67066033e+01 -1.42681225e+01  2.78727415e+01
   3.95352504e-01 -1.66914849e+00]
 [ 1.76276033e+01  1.36693632e+01  1.69120146e+01  2.22936691e+01
  -1.18914311e+01 -2.15380748e+00  1.40433576e+01  2.23154514e+01
   3.90870798e-01  2.48620008e+00]
 [ 1.16145140e+01  9.69556053e+00  9.47427758e+00  1.56823386e+01
  -5.75746252e+00 -6.42337463e+00  1.21970458e+01  1.56992282e+01
   4.34753312e-01  2.04141792e+00]
 [ 6.66949714e+00  8.04042027e+00  7.96832252e+00  3.99964369e+00
   4.12845214e+00  3.90810193e+00 -8.04256544e+00  8.48377761e+00
   5.43658531e-01 -1.00957472e+00]
 [ 1.90581783e+01  1.43078900e+01  2.95687927e+01  1.53800342e+01
  -2.48417544e+01  3.61063074e+01 -1.06796334e+01  2.95776343e+01
   3.80486116e-01 -2.34065261e+00]
 [ 1.16029196e-01  1.61416467e-01  1.19145590e-01  6.63836669e-02
   1.41407357e-01  8.78385020e-03 -1.49962839e-01  1.62981970e-01
   1.73849113e-02 -1.67635360e-02]]
RGB weights: [6.65114372e-02 6.60202435e-02 6.81485461e-02 6.58543364e-02
 1.02206932e+00 1.95826323e-01 1.62494381e+00 6.80903802e-02
 7.16721675e+02 3.19712420e+03]
RGB Rand Score: 0.32144111457037755
Cluster 0
Count Elements: 91
Elements: [ 22  37  38  62  65  71  74  75  76  78  80  81  84  89  90  91  92  93 94  95  96  97  98  99 100 101 102 103 105 106 107 109 110 111 113 114 115 116 117 118 119 123 124 125 128 129 130 131 132 133 134 136 137 138 139 140 142 143 145 146 147 148 149 150 151 152 153 154 155 156 158 159 160 161 162 163 164 165 166 168 169 170 171 172 173 174 175 176 177 178 179]

Cluster 1
Count Elements: 18
Elements: [  6   7   9  11  13  14  17  21  23  24  25  28  29  68 108 112 127 141]

Cluster 2
Count Elements: 17
Elements: [180 181 183 184 187 188 192 193 195 196 200 201 202 205 206 207 208]

Cluster 3
Count Elements: 13
Elements: [182 185 186 189 190 191 194 197 198 199 203 204 209]

Cluster 4
Count Elements: 16
Elements: [ 0  1  2  3  4  5  8 10 12 15 16 18 19 20 26 27]

Cluster 5
Count Elements: 50
Elements: [ 30  31  32  33  34  35  36  39  40  41  42  43  44  45  46  47  48  49  50  51  52  53  54  55  56  57  58  59  60  61  63  64  66  67  69  70  72  73  77  79  82  83  85  86  87  88 104 144 157 167]

Cluster 6
Count Elements: 5
Elements: [120 121 122 126 135]

